<?xml version="1.0" encoding="UTF-8" ?>
<testsuite failures="0" time="0.337" errors="0" skipped="0" tests="44" name="uk.ac.ebi.BrainPopulationTest">
  <properties>
    <property name="java.runtime.name" value="Java(TM) SE Runtime Environment"/>
    <property name="sun.boot.library.path" value="/usr/lib/jvm/java-6-sun-1.6.0.35/jre/lib/i386"/>
    <property name="java.vm.version" value="20.10-b01"/>
    <property name="java.vm.vendor" value="Sun Microsystems Inc."/>
    <property name="java.vendor.url" value="http://java.sun.com/"/>
    <property name="path.separator" value=":"/>
    <property name="java.vm.name" value="Java HotSpot(TM) Server VM"/>
    <property name="file.encoding.pkg" value="sun.io"/>
    <property name="user.country" value="GB"/>
    <property name="sun.java.launcher" value="SUN_STANDARD"/>
    <property name="sun.os.patch.level" value="unknown"/>
    <property name="java.vm.specification.name" value="Java Virtual Machine Specification"/>
    <property name="user.dir" value="/home/samuel/git/Brain"/>
    <property name="java.runtime.version" value="1.6.0_35-b10"/>
    <property name="java.awt.graphicsenv" value="sun.awt.X11GraphicsEnvironment"/>
    <property name="java.endorsed.dirs" value="/usr/lib/jvm/java-6-sun-1.6.0.35/jre/lib/endorsed"/>
    <property name="os.arch" value="i386"/>
    <property name="java.io.tmpdir" value="/tmp"/>
    <property name="line.separator" value="
"/>
    <property name="java.vm.specification.vendor" value="Sun Microsystems Inc."/>
    <property name="os.name" value="Linux"/>
    <property name="classworlds.conf" value="/usr/share/maven2/bin/m2.conf"/>
    <property name="sun.jnu.encoding" value="UTF-8"/>
    <property name="java.library.path" value="/usr/lib/jvm/java-6-sun-1.6.0.35/jre/lib/i386/server:/usr/lib/jvm/java-6-sun-1.6.0.35/jre/lib/i386:/usr/lib/jvm/java-6-sun-1.6.0.35/jre/../lib/i386:/usr/java/packages/lib/i386:/lib:/usr/lib"/>
    <property name="java.specification.name" value="Java Platform API Specification"/>
    <property name="java.class.version" value="50.0"/>
    <property name="sun.management.compiler" value="HotSpot Tiered Compilers"/>
    <property name="os.version" value="3.2.0-23-generic"/>
    <property name="user.home" value="/home/samuel"/>
    <property name="user.timezone" value="Europe/London"/>
    <property name="java.awt.printerjob" value="sun.print.PSPrinterJob"/>
    <property name="file.encoding" value="UTF-8"/>
    <property name="java.specification.version" value="1.6"/>
    <property name="user.name" value="samuel"/>
    <property name="java.class.path" value="/usr/share/maven2/boot/classworlds.jar"/>
    <property name="java.vm.specification.version" value="1.0"/>
    <property name="sun.arch.data.model" value="32"/>
    <property name="java.home" value="/usr/lib/jvm/java-6-sun-1.6.0.35/jre"/>
    <property name="sun.java.command" value="org.codehaus.classworlds.Launcher &quot;clean&quot; &quot;deploy&quot;"/>
    <property name="java.specification.vendor" value="Sun Microsystems Inc."/>
    <property name="user.language" value="en"/>
    <property name="java.vm.info" value="mixed mode"/>
    <property name="java.version" value="1.6.0_35"/>
    <property name="java.ext.dirs" value="/usr/lib/jvm/java-6-sun-1.6.0.35/jre/lib/ext:/usr/java/packages/lib/ext"/>
    <property name="securerandom.source" value="file:/dev/./urandom"/>
    <property name="sun.boot.class.path" value="/usr/lib/jvm/java-6-sun-1.6.0.35/jre/lib/resources.jar:/usr/lib/jvm/java-6-sun-1.6.0.35/jre/lib/rt.jar:/usr/lib/jvm/java-6-sun-1.6.0.35/jre/lib/sunrsasign.jar:/usr/lib/jvm/java-6-sun-1.6.0.35/jre/lib/jsse.jar:/usr/lib/jvm/java-6-sun-1.6.0.35/jre/lib/jce.jar:/usr/lib/jvm/java-6-sun-1.6.0.35/jre/lib/charsets.jar:/usr/lib/jvm/java-6-sun-1.6.0.35/jre/lib/modules/jdk.boot.jar:/usr/lib/jvm/java-6-sun-1.6.0.35/jre/classes"/>
    <property name="java.vendor" value="Sun Microsystems Inc."/>
    <property name="maven.home" value="/usr/share/maven2"/>
    <property name="file.separator" value="/"/>
    <property name="java.vendor.url.bug" value="http://java.sun.com/cgi-bin/bugreport.cgi"/>
    <property name="sun.cpu.endian" value="little"/>
    <property name="sun.io.unicode.encoding" value="UnicodeLittle"/>
    <property name="sun.desktop" value="gnome"/>
    <property name="sun.cpu.isalist" value=""/>
  </properties>
  <testcase time="0.005" classname="uk.ac.ebi.BrainPopulationTest" name="wrongPrefixTest"/>
  <testcase time="0.003" classname="uk.ac.ebi.BrainPopulationTest" name="addClassTest"/>
  <testcase time="0.004" classname="uk.ac.ebi.BrainPopulationTest" name="addExternalClassTest"/>
  <testcase time="0.002" classname="uk.ac.ebi.BrainPopulationTest" name="addClassWithBadNameTest"/>
  <testcase time="0.002" classname="uk.ac.ebi.BrainPopulationTest" name="addExistingClassTest"/>
  <testcase time="0.002" classname="uk.ac.ebi.BrainPopulationTest" name="getOwlClassTest"/>
  <testcase time="0.003" classname="uk.ac.ebi.BrainPopulationTest" name="getNonExsistingOwlClassTest"/>
  <testcase time="0.005" classname="uk.ac.ebi.BrainPopulationTest" name="subClassOfTest"/>
  <testcase time="0.009" classname="uk.ac.ebi.BrainPopulationTest" name="equivalentClassesTest"/>
  <testcase time="0.006" classname="uk.ac.ebi.BrainPopulationTest" name="disjointClassesTest"/>
  <testcase time="0.003" classname="uk.ac.ebi.BrainPopulationTest" name="subClassOfErrorTest"/>
  <testcase time="0.026" classname="uk.ac.ebi.BrainPopulationTest" name="saveOntology"/>
  <testcase time="0.002" classname="uk.ac.ebi.BrainPopulationTest" name="objectPropertyTest"/>
  <testcase time="0.002" classname="uk.ac.ebi.BrainPopulationTest" name="redundantObjectPropertyTest"/>
  <testcase time="0.001" classname="uk.ac.ebi.BrainPopulationTest" name="addExternalObjectPropertyTest"/>
  <testcase time="0.033" classname="uk.ac.ebi.BrainPopulationTest" name="transitivePropertyTest"/>
  <testcase time="0.006" classname="uk.ac.ebi.BrainPopulationTest" name="unknownTransitivePropertyTest"/>
  <testcase time="0.008" classname="uk.ac.ebi.BrainPopulationTest" name="reflexivePropertyTest"/>
  <testcase time="0.003" classname="uk.ac.ebi.BrainPopulationTest" name="dataPropertyTest"/>
  <testcase time="0.002" classname="uk.ac.ebi.BrainPopulationTest" name="existingDataPropertyTest"/>
  <testcase time="0.001" classname="uk.ac.ebi.BrainPopulationTest" name="addExternalDataPropertyTest"/>
  <testcase time="0.03" classname="uk.ac.ebi.BrainPopulationTest" name="functionalDataPropertyTest"/>
  <testcase time="0.003" classname="uk.ac.ebi.BrainPopulationTest" name="functionalDataPropertyAssertionTest"/>
  <testcase time="0.007" classname="uk.ac.ebi.BrainPopulationTest" name="domainTest"/>
  <testcase time="0.01" classname="uk.ac.ebi.BrainPopulationTest" name="complexDomainTest"/>
  <testcase time="0.004" classname="uk.ac.ebi.BrainPopulationTest" name="rangeObjectPropertyTest"/>
  <testcase time="0.004" classname="uk.ac.ebi.BrainPopulationTest" name="rangeDataPropertyTest"/>
  <testcase time="0.005" classname="uk.ac.ebi.BrainPopulationTest" name="equivalentObjectPropertiesTest"/>
  <testcase time="0.003" classname="uk.ac.ebi.BrainPopulationTest" name="wrongEquivalentObjectPropertiesTest"/>
  <testcase time="0.004" classname="uk.ac.ebi.BrainPopulationTest" name="equivalentDataPropertiesTest"/>
  <testcase time="0.004" classname="uk.ac.ebi.BrainPopulationTest" name="mixedEquivalentPropertiesTest"/>
  <testcase time="0.007" classname="uk.ac.ebi.BrainPopulationTest" name="subObjectPropertyTest"/>
  <testcase time="0.007" classname="uk.ac.ebi.BrainPopulationTest" name="subDataPropertyTest"/>
  <testcase time="0.003" classname="uk.ac.ebi.BrainPopulationTest" name="corruptedSubPropertyAseertionTest"/>
  <testcase time="0.006" classname="uk.ac.ebi.BrainPopulationTest" name="ChainedPropertiesTest"/>
  <testcase time="0.002" classname="uk.ac.ebi.BrainPopulationTest" name="wrongChainedPropertiesTest"/>
  <testcase time="0.008" classname="uk.ac.ebi.BrainPopulationTest" name="labelTest"/>
  <testcase time="0.002" classname="uk.ac.ebi.BrainPopulationTest" name="externalAnnotationTest"/>
  <testcase time="0.002" classname="uk.ac.ebi.BrainPopulationTest" name="annotationTest"/>
  <testcase time="0.001" classname="uk.ac.ebi.BrainPopulationTest" name="wrongAnnotationTest"/>
  <testcase time="0.003" classname="uk.ac.ebi.BrainPopulationTest" name="builtInAnnotationTest"/>
  <testcase time="0.015" classname="uk.ac.ebi.BrainPopulationTest" name="prefixTest"/>
  <testcase time="0.048" classname="uk.ac.ebi.BrainPopulationTest" name="contructorFromOntologyTest"/>
  <testcase time="0.008" classname="uk.ac.ebi.BrainPopulationTest" name="addClassBivalentHandling"/>
</testsuite>